Arguments: 
  C:\nodejs\node.exe C:\Users\Aloy Sen\AppData\Roaming\npm\node_modules\yarn\bin\yarn.js build

PATH: 
  C:\ProgramData\Oracle\Java\javapath;C:\Windows\system32;C:\Windows;C:\Windows\System32\Wbem;C:\Windows\System32\WindowsPowerShell\v1.0\;C:\Program Files\Git\cmd;C:\nodejs\;C:\flutter\bin;C:\Dart\dart-sdk\bin;%ANDROID_HOME%\tools;%ANDROID_HOME%\platform-tools;C:\Users\Aloy Sen\AppData\Local\Programs\Python\Python36-32\Scripts\;C:\Users\Aloy Sen\AppData\Local\Programs\Python\Python36-32\;C:\Users\Aloy Sen\AppData\Local\Microsoft\WindowsApps;C:\Java\jdk-9.0.4\bin;C:\Program Files\Microsoft VS Code\bin;C:\Users\Aloy Sen\AppData\Roaming\npm;C:\gradle-4.6\bin;

Yarn version: 
  1.5.1

Node version: 
  9.10.1

Platform: 
  win32 x64

npm manifest: 
  No manifest

yarn manifest: 
  No manifest

Lockfile: 
  No lockfile

Trace: 
  Error: Couldn't find a package.json file in "C:\\Users\\Aloy Sen\\Documents\\demonstrational\\github\\organizational\\Adysenlab\\DNET"
      at new MessageError (C:\Users\Aloy Sen\AppData\Roaming\npm\node_modules\yarn\lib\cli.js:186:110)
      at C:\Users\Aloy Sen\AppData\Roaming\npm\node_modules\yarn\lib\cli.js:40048:15
      at Generator.next (<anonymous>)
      at step (C:\Users\Aloy Sen\AppData\Roaming\npm\node_modules\yarn\lib\cli.js:98:30)
      at C:\Users\Aloy Sen\AppData\Roaming\npm\node_modules\yarn\lib\cli.js:109:13
      at <anonymous>
